[debug] [2025-11-12T11:47:37.101Z] ----------------------------------------------------------------------
[debug] [2025-11-12T11:47:37.104Z] Command:       C:\nvm4w\nodejs\node.exe C:\nvm4w\nodejs\node_modules\firebase-tools\lib\bin\firebase.js init
[debug] [2025-11-12T11:47:37.105Z] CLI Version:   14.24.2
[debug] [2025-11-12T11:47:37.105Z] Platform:      win32
[debug] [2025-11-12T11:47:37.105Z] Node Version:  v20.19.5
[debug] [2025-11-12T11:47:37.105Z] Time:          Wed Nov 12 2025 17:17:37 GMT+0530 (India Standard Time)
[debug] [2025-11-12T11:47:37.105Z] ----------------------------------------------------------------------
[debug] 
[info] 
     ######## #### ########  ######## ########     ###     ######  ########
     ##        ##  ##     ## ##       ##     ##  ##   ##  ##       ##
     ######    ##  ########  ######   ########  #########  ######  ######
     ##        ##  ##    ##  ##       ##     ## ##     ##       ## ##
     ##       #### ##     ## ######## ########  ##     ##  ######  ########

You're about to initialize a Firebase project in this directory:

  E:\intern detz\Smart Offline + Online Note App\smart-note-app

[info] 
=== Project Setup
[info] 
[info] First, let's associate this project directory with a Firebase project.
[info] You can create multiple project aliases by running firebase use --add, 
[info] 
[debug] [2025-11-12T11:48:04.547Z] > command requires scopes: ["email","openid","https://www.googleapis.com/auth/cloudplatformprojects.readonly","https://www.googleapis.com/auth/firebase","https://www.googleapis.com/auth/cloud-platform"]
[debug] [2025-11-12T11:48:04.548Z] > authorizing via signed-in user (pasindusadeep046@gmail.com)
[debug] [2025-11-12T11:48:04.550Z] Checked if tokens are valid: true, expires at: 1762951639344
[debug] [2025-11-12T11:48:04.550Z] Checked if tokens are valid: true, expires at: 1762951639344
[debug] [2025-11-12T11:48:04.552Z] >>> [apiv2][query] GET https://firebase.googleapis.com/v1beta1/projects pageSize=100
[debug] [2025-11-12T11:48:05.763Z] <<< [apiv2][status] GET https://firebase.googleapis.com/v1beta1/projects 200
[debug] [2025-11-12T11:48:05.764Z] <<< [apiv2][body] GET https://firebase.googleapis.com/v1beta1/projects [omitted]
[info] 
=== Hosting Setup
[debug] [2025-11-12T11:48:27.683Z] Checked if tokens are valid: true, expires at: 1762951639344
[debug] [2025-11-12T11:48:27.683Z] Checked if tokens are valid: true, expires at: 1762951639344
[debug] [2025-11-12T11:48:27.683Z] >>> [apiv2][query] GET https://firebase.googleapis.com/v1beta1/projects/smart-note-app-c1dc0 [none]
[debug] [2025-11-12T11:48:28.307Z] <<< [apiv2][status] GET https://firebase.googleapis.com/v1beta1/projects/smart-note-app-c1dc0 200
[debug] [2025-11-12T11:48:28.307Z] <<< [apiv2][body] GET https://firebase.googleapis.com/v1beta1/projects/smart-note-app-c1dc0 {"projectId":"smart-note-app-c1dc0","projectNumber":"527491306041","displayName":"Smart Note App","name":"projects/smart-note-app-c1dc0","resources":{"hostingSite":"smart-note-app-c1dc0","realtimeDatabaseInstance":"smart-note-app-c1dc0-default-rtdb"},"state":"ACTIVE","etag":"1_470cc8e3-d783-49e2-970b-53fd551a0927"}
[info] 
[info] Your public directory is the folder (relative to your project directory) that
[info] will contain Hosting assets to be uploaded with firebase deploy. If you
[info] have a build process for your assets, use your build's output directory.
[info] 
[info] 
[info] i  Didn't detect a .git folder. Assuming E:\intern detz\Smart Offline + Online Note App\smart-note-app is the project root. 
[info] i  Authorizing with GitHub to upload your service account to a GitHub repository's secrets store. 
[info] 
[info] Visit this URL on this device to log in:
[info] https://github.com/login/oauth/authorize?client_id=89cf50f02ac6aaed3484&state=634065529&redirect_uri=http%3A%2F%2Flocalhost%3A9005&scope=read%3Auser%20repo%20public_repo
[info] 
[info] Waiting for authentication...
